===== build_market_context returncode=1 =====
$ /Users/bytedance/PycharmProjects/stock/.venv/bin/python scripts/build_market_context.py --config config.yaml --top 20 --timeout 20
--- stdout ---
warn: spot timeout after 20s
warn: spot timeout after 20s

--- stderr ---

Please wait for a moment:   0%|          | 0/69 [00:00<?, ?it/s]
Please wait for a moment:   1%|▏         | 1/69 [00:00<00:12,  5.52it/s]
Please wait for a moment:   3%|▎         | 2/69 [00:00<00:10,  6.56it/s]
Please wait for a moment:   4%|▍         | 3/69 [00:00<00:09,  7.24it/s]
Please wait for a moment:   6%|▌         | 4/69 [00:00<00:08,  7.55it/s]
Please wait for a moment:   7%|▋         | 5/69 [00:00<00:08,  7.76it/s]
Please wait for a moment:   9%|▊         | 6/69 [00:00<00:08,  7.82it/s]
Please wait for a moment:  10%|█         | 7/69 [00:00<00:07,  7.79it/s]
Please wait for a moment:  12%|█▏        | 8/69 [00:01<00:07,  7.77it/s]
Please wait for a moment:  13%|█▎        | 9/69 [00:01<00:07,  7.81it/s]
Please wait for a moment:  14%|█▍        | 10/69 [00:01<00:07,  7.87it/s]
Please wait for a moment:  16%|█▌        | 11/69 [00:01<00:07,  7.94it/s]
Please wait for a moment:  17%|█▋        | 12/69 [00:01<00:07,  7.45it/s]
Please wait for a moment:  19%|█▉        | 13/69 [00:01<00:07,  7.49it/s]
Please wait for a moment:  20%|██        | 14/69 [00:01<00:07,  7.60it/s]
Please wait for a moment:  22%|██▏       | 15/69 [00:01<00:07,  7.55it/s]
Please wait for a moment:  23%|██▎       | 16/69 [00:02<00:09,  5.63it/s]
Please wait for a moment:  25%|██▍       | 17/69 [00:02<00:08,  6.01it/s]
Please wait for a moment:  26%|██▌       | 18/69 [00:02<00:08,  6.28it/s]
Please wait for a moment:  28%|██▊       | 19/69 [00:02<00:07,  6.66it/s]
Please wait for a moment:  29%|██▉       | 20/69 [00:02<00:07,  6.93it/s]
Please wait for a moment:  30%|███       | 21/69 [00:02<00:06,  7.22it/s]
Please wait for a moment:  32%|███▏      | 22/69 [00:03<00:06,  7.46it/s]
Please wait for a moment:  33%|███▎      | 23/69 [00:03<00:06,  7.57it/s]
Please wait for a moment:  35%|███▍      | 24/69 [00:03<00:05,  7.72it/s]
Please wait for a moment:  36%|███▌      | 25/69 [00:03<00:05,  7.73it/s]
Please wait for a moment:  38%|███▊      | 26/69 [00:03<00:09,  4.55it/s]
Please wait for a moment:  39%|███▉      | 27/69 [00:04<00:08,  5.15it/s]
Please wait for a moment:  41%|████      | 28/69 [00:04<00:07,  5.74it/s]
Please wait for a moment:  42%|████▏     | 29/69 [00:04<00:06,  6.27it/s]
Please wait for a moment:  43%|████▎     | 30/69 [00:04<00:05,  6.77it/s]
Please wait for a moment:  45%|████▍     | 31/69 [00:04<00:05,  7.00it/s]
Please wait for a moment:  46%|████▋     | 32/69 [00:04<00:05,  7.32it/s]
Please wait for a moment:  48%|████▊     | 33/69 [00:04<00:04,  7.43it/s]
Please wait for a moment:  49%|████▉     | 34/69 [00:04<00:04,  7.60it/s]
Please wait for a moment:  51%|█████     | 35/69 [00:05<00:04,  7.66it/s]
Please wait for a moment:  52%|█████▏    | 36/69 [00:05<00:04,  7.80it/s]
Please wait for a moment:  54%|█████▎    | 37/69 [00:05<00:04,  7.79it/s]
Please wait for a moment:  55%|█████▌    | 38/69 [00:05<00:04,  7.71it/s]
Please wait for a moment:  57%|█████▋    | 39/69 [00:05<00:03,  7.84it/s]
Please wait for a moment:  58%|█████▊    | 40/69 [00:05<00:03,  7.89it/s]
Please wait for a moment:  59%|█████▉    | 41/69 [00:05<00:03,  7.81it/s]
Please wait for a moment:  61%|██████    | 42/69 [00:05<00:03,  7.84it/s]
Please wait for a moment:  62%|██████▏   | 43/69 [00:06<00:03,  7.77it/s]
Please wait for a moment:  64%|██████▍   | 44/69 [00:06<00:03,  7.74it/s]
Please wait for a moment:  65%|██████▌   | 45/69 [00:06<00:03,  7.86it/s]
Please wait for a moment:  67%|██████▋   | 46/69 [00:06<00:02,  7.73it/s]
Please wait for a moment:  68%|██████▊   | 47/69 [00:06<00:02,  7.71it/s]
Please wait for a moment:  70%|██████▉   | 48/69 [00:06<00:02,  7.85it/s]
Please wait for a moment:  71%|███████   | 49/69 [00:07<00:06,  3.30it/s]
Please wait for a moment:  72%|███████▏  | 50/69 [00:08<00:08,  2.25it/s]
Please wait for a moment:  74%|███████▍  | 51/69 [00:08<00:09,  1.84it/s]
Please wait for a moment:  75%|███████▌  | 52/69 [00:09<00:09,  1.84it/s]
Please wait for a moment:  77%|███████▋  | 53/69 [00:09<00:06,  2.39it/s]
Please wait for a moment:  78%|███████▊  | 54/69 [00:10<00:06,  2.21it/s]
Please wait for a moment:  80%|███████▉  | 55/69 [00:10<00:06,  2.17it/s]
Please wait for a moment:  81%|████████  | 56/69 [00:11<00:06,  1.97it/s]
Please wait for a moment:  83%|████████▎ | 57/69 [00:11<00:04,  2.54it/s]
Please wait for a moment:  84%|████████▍ | 58/69 [00:11<00:03,  3.17it/s]
Please wait for a moment:  86%|████████▌ | 59/69 [00:11<00:02,  3.87it/s]
Please wait for a moment:  87%|████████▋ | 60/69 [00:12<00:02,  3.24it/s]
Please wait for a moment:  88%|████████▊ | 61/69 [00:12<00:02,  3.91it/s]
Please wait for a moment:  90%|████████▉ | 62/69 [00:12<00:02,  3.04it/s]
Please wait for a moment:  91%|█████████▏| 63/69 [00:13<00:02,  2.54it/s]
Please wait for a moment:  93%|█████████▎| 64/69 [00:13<00:02,  2.34it/s]
Please wait for a moment:  94%|█████████▍| 65/69 [00:14<00:01,  2.22it/s]
Please wait for a moment:   0%|          | 0/69 [00:00<?, ?it/s]
Please wait for a moment:   1%|▏         | 1/69 [00:00<00:12,  5.43it/s]
Please wait for a moment:   3%|▎         | 2/69 [00:00<00:10,  6.28it/s]
Please wait for a moment:   4%|▍         | 3/69 [00:00<00:10,  6.48it/s]
Please wait for a moment:   6%|▌         | 4/69 [00:00<00:09,  6.99it/s]
Please wait for a moment:   7%|▋         | 5/69 [00:00<00:08,  7.41it/s]
Please wait for a moment:   9%|▊         | 6/69 [00:00<00:08,  7.65it/s]
Please wait for a moment:  10%|█         | 7/69 [00:00<00:08,  7.62it/s]
Please wait for a moment:  12%|█▏        | 8/69 [00:01<00:07,  7.72it/s]
Please wait for a moment:  13%|█▎        | 9/69 [00:01<00:07,  7.65it/s]
Please wait for a moment:  14%|█▍        | 10/69 [00:01<00:07,  7.95it/s]
Please wait for a moment:  16%|█▌        | 11/69 [00:01<00:07,  7.92it/s]
Please wait for a moment:  17%|█▋        | 12/69 [00:01<00:07,  7.98it/s]
Please wait for a moment:  19%|█▉        | 13/69 [00:01<00:06,  8.08it/s]
Please wait for a moment:  20%|██        | 14/69 [00:01<00:07,  7.29it/s]
Please wait for a moment:  22%|██▏       | 15/69 [00:02<00:07,  7.42it/s]
Please wait for a moment:  23%|██▎       | 16/69 [00:02<00:07,  7.45it/s]
Please wait for a moment:  25%|██▍       | 17/69 [00:02<00:06,  7.63it/s]
Please wait for a moment:  26%|██▌       | 18/69 [00:03<00:17,  2.91it/s]
Please wait for a moment:  28%|██▊       | 19/69 [00:03<00:13,  3.58it/s]
Please wait for a moment:  29%|██▉       | 20/69 [00:03<00:11,  4.30it/s]
Please wait for a moment:  30%|███       | 21/69 [00:03<00:09,  5.01it/s]
Please wait for a moment:  32%|███▏      | 22/69 [00:03<00:08,  5.63it/s]
Please wait for a moment:  33%|███▎      | 23/69 [00:03<00:07,  6.09it/s]
Please wait for a moment:  35%|███▍      | 24/69 [00:03<00:06,  6.64it/s]
Please wait for a moment:  36%|███▌      | 25/69 [00:03<00:06,  7.02it/s]
Please wait for a moment:  38%|███▊      | 26/69 [00:04<00:05,  7.25it/s]
Please wait for a moment:  39%|███▉      | 27/69 [00:04<00:05,  7.51it/s]
Please wait for a moment:  41%|████      | 28/69 [00:04<00:05,  7.66it/s]
Please wait for a moment:  42%|████▏     | 29/69 [00:04<00:05,  7.30it/s]
Please wait for a moment:  43%|████▎     | 30/69 [00:04<00:05,  6.75it/s]
Please wait for a moment:  45%|████▍     | 31/69 [00:04<00:05,  7.14it/s]
Please wait for a moment:  46%|████▋     | 32/69 [00:04<00:04,  7.49it/s]
Please wait for a moment:  48%|████▊     | 33/69 [00:05<00:04,  7.47it/s]
Please wait for a moment:  49%|████▉     | 34/69 [00:07<00:29,  1.19it/s]
Please wait for a moment:  51%|█████     | 35/69 [00:07<00:21,  1.60it/s]
Please wait for a moment:  52%|█████▏    | 36/69 [00:07<00:15,  2.10it/s]
Please wait for a moment:  54%|█████▎    | 37/69 [00:08<00:16,  1.96it/s]
Please wait for a moment:  55%|█████▌    | 38/69 [00:08<00:12,  2.54it/s]
Please wait for a moment:  57%|█████▋    | 39/69 [00:08<00:09,  3.15it/s]
Please wait for a moment:  58%|█████▊    | 40/69 [00:08<00:07,  3.86it/s]
Please wait for a moment:  59%|█████▉    | 41/69 [00:09<00:09,  2.91it/s]
Please wait for a moment:  61%|██████    | 42/69 [00:09<00:07,  3.61it/s]
Please wait for a moment:  62%|██████▏   | 43/69 [00:09<00:05,  4.36it/s]
Please wait for a moment:  64%|██████▍   | 44/69 [00:09<00:05,  4.74it/s]
Please wait for a moment:  65%|██████▌   | 45/69 [00:09<00:04,  5.24it/s]
Please wait for a moment:  67%|██████▋   | 46/69 [00:10<00:04,  5.69it/s]
Please wait for a moment:  68%|██████▊   | 47/69 [00:10<00:03,  6.19it/s]
Please wait for a moment:  70%|██████▉   | 48/69 [00:10<00:03,  6.44it/s]
Please wait for a moment:  71%|███████   | 49/69 [00:10<00:02,  6.81it/s]
Please wait for a moment:  72%|███████▏  | 50/69 [00:10<00:02,  7.02it/s]
Please wait for a moment:  74%|███████▍  | 51/69 [00:10<00:02,  7.32it/s]
Please wait for a moment:  75%|███████▌  | 52/69 [00:10<00:02,  6.55it/s]
Please wait for a moment:  77%|███████▋  | 53/69 [00:10<00:02,  6.87it/s]
Please wait for a moment:  78%|███████▊  | 54/69 [00:11<00:02,  7.10it/s]
Please wait for a moment:  80%|███████▉  | 55/69 [00:11<00:01,  7.22it/s]
Please wait for a moment:  81%|████████  | 56/69 [00:11<00:01,  7.43it/s]
Please wait for a moment:  83%|████████▎ | 57/69 [00:11<00:01,  7.59it/s]
Please wait for a moment:  84%|████████▍ | 58/69 [00:11<00:01,  7.40it/s]
Please wait for a moment:  86%|████████▌ | 59/69 [00:11<00:01,  7.54it/s]
Please wait for a moment:  87%|████████▋ | 60/69 [00:11<00:01,  7.65it/s]
Please wait for a moment:  88%|████████▊ | 61/69 [00:12<00:01,  7.83it/s]
Please wait for a moment:  90%|████████▉ | 62/69 [00:12<00:00,  7.73it/s]
Please wait for a moment:  91%|█████████▏| 63/69 [00:12<00:00,  7.78it/s]
Please wait for a moment:  93%|█████████▎| 64/69 [00:12<00:00,  7.90it/s]
Please wait for a moment:  94%|█████████▍| 65/69 [00:12<00:00,  7.94it/s]
Please wait for a moment:  96%|█████████▌| 66/69 [00:12<00:00,  7.66it/s]
Please wait for a moment:  97%|█████████▋| 67/69 [00:12<00:00,  7.73it/s]
Please wait for a moment:  99%|█████████▊| 68/69 [00:12<00:00,  7.68it/s]
Please wait for a moment: 100%|██████████| 69/69 [00:13<00:00,  7.78it/s]
                                                                         
无法获取全市场行情，无法判断情绪周期
/Library/Frameworks/Python.framework/Versions/3.11/lib/python3.11/multiprocessing/resource_tracker.py:254: UserWarning: resource_tracker: There appear to be 1 leaked semaphore objects to clean up at shutdown
  warnings.warn('resource_tracker: There appear to be %d '

===== run_trader_paper returncode=0 =====
$ /Users/bytedance/PycharmProjects/stock/.venv/bin/python scripts/run_trader.py --config config.yaml --universe-file stockbot/data/universe.csv --top 3
--- stdout ---
warn: skip 300274.SZ, akshare error: ('Connection aborted.', RemoteDisconnected('Remote end closed connection without response'))
warn: skip 688012.SH, akshare error: ('Connection aborted.', RemoteDisconnected('Remote end closed connection without response'))
warn: skip 688820.SH, akshare error: ('Connection aborted.', RemoteDisconnected('Remote end closed connection without response'))
signals=0 accepted_orders=0

--- stderr ---

===== generate_daily_report returncode=0 =====
$ /Users/bytedance/PycharmProjects/stock/.venv/bin/python scripts/generate_daily_report.py --config config.yaml
--- stdout ---
report_md=stockbot/reports/daily_report_2026-05-16.md
report_json=stockbot/reports/daily_report_2026-05-16.json

--- stderr ---
