===== build_market_context returncode=0 =====
$ /Users/bytedance/PycharmProjects/stock/.venv/bin/python scripts/build_market_context.py --config config.yaml --top 20 --timeout 20 --allow-fallback --min-refresh-time 11:00
--- stdout ---
warn: spot timeout after 20s
warn: spot timeout after 20s
market_context=/Users/bytedance/PycharmProjects/stock/stockbot/data/market_context.json
emotion phase=unknown score=0.0 fallback=true

--- stderr ---

===== build_dragon_pool returncode=0 =====
$ /Users/bytedance/PycharmProjects/stock/.venv/bin/python scripts/build_dragon_pool.py --config config.yaml --universe-file stockbot/data/universe.csv --top 10 --allow-fallback
--- stdout ---
warn: clipped 2 rows where seal_amount > amount
warn: dropped 9 rows with open_times >= 5
dragon_pool_size=45 source=zt_pool output=/Users/bytedance/PycharmProjects/stock/stockbot/data/dragon_pool.csv
002918.SZ 蒙娜丽莎 sector=家居用品 limit=6 score=0.6867 amount=883742688
002031.SZ 巨轮智能 sector=专用设备 limit=1 score=0.6022 amount=3874956192
688549.SH 中巨芯-U sector=电子化学 limit=1 score=0.5693 amount=1196280400
002979.SZ 雷赛智能 sector=自动化设 limit=1 score=0.5573 amount=1189944560
002407.SZ 多氟多 sector=化学制品 limit=1 score=0.5251 amount=5604165376
300276.SZ 三丰智能 sector=自动化设 limit=1 score=0.5238 amount=944111888
001259.SZ 利仁科技 sector=小家电 limit=5 score=0.5181 amount=34383360
002196.SZ 方正电机 sector=电机Ⅱ limit=1 score=0.518 amount=1600254992
603082.SH 北自科技 sector=自动化设 limit=2 score=0.4822 amount=527492848
603390.SH 通达电气 sector=汽车零部 limit=1 score=0.4796 amount=358806864

--- stderr ---

===== run_trader returncode=0 =====
$ /Users/bytedance/PycharmProjects/stock/.venv/bin/python scripts/run_trader.py --config config.yaml --universe-file stockbot/data/universe.csv --top 10
--- stdout ---
warn: skip 300274.SZ, akshare error: ('Connection aborted.', RemoteDisconnected('Remote end closed connection without response'))
warn: skip 688012.SH, akshare error: ('Connection aborted.', RemoteDisconnected('Remote end closed connection without response'))
warn: skip 688017.SH, akshare error: ('Connection aborted.', RemoteDisconnected('Remote end closed connection without response'))
warn: skip 002407.SZ, akshare error: ('Connection aborted.', RemoteDisconnected('Remote end closed connection without response'))
warn: skip 300083.SZ, akshare error: ('Connection aborted.', RemoteDisconnected('Remote end closed connection without response'))
warn: skip 002031.SZ, akshare error: ('Connection aborted.', RemoteDisconnected('Remote end closed connection without response'))
warn: skip 688143.SH, akshare error: ('Connection aborted.', RemoteDisconnected('Remote end closed connection without response'))
warn: skip 301171.SZ, akshare error: ('Connection aborted.', RemoteDisconnected('Remote end closed connection without response'))
warn: skip 300567.SZ, akshare error: ('Connection aborted.', RemoteDisconnected('Remote end closed connection without response'))
signals=0 accepted_orders=0

--- stderr ---
[LarkAlertBroker] WARN webhook 未配置,进入 dry-run 模式 (信号只入 pending_orders,不推送)

Please wait for a moment:   0%|          | 0/69 [00:00<?, ?it/s]
Please wait for a moment:   1%|▏         | 1/69 [00:00<00:11,  6.07it/s]
Please wait for a moment:   3%|▎         | 2/69 [00:01<00:51,  1.31it/s]
Please wait for a moment:   4%|▍         | 3/69 [00:01<00:31,  2.08it/s]
Please wait for a moment:   6%|▌         | 4/69 [00:01<00:22,  2.90it/s]
Please wait for a moment:   7%|▋         | 5/69 [00:01<00:17,  3.69it/s]
Please wait for a moment:   9%|▊         | 6/69 [00:02<00:18,  3.36it/s]
Please wait for a moment:  10%|█         | 7/69 [00:02<00:15,  4.04it/s]
Please wait for a moment:  12%|█▏        | 8/69 [00:02<00:13,  4.69it/s]
Please wait for a moment:  13%|█▎        | 9/69 [00:02<00:11,  5.32it/s]
Please wait for a moment:  14%|█▍        | 10/69 [00:02<00:10,  5.83it/s]
Please wait for a moment:  16%|█▌        | 11/69 [00:02<00:09,  6.20it/s]
Please wait for a moment:  17%|█▋        | 12/69 [00:02<00:08,  6.50it/s]
Please wait for a moment:  19%|█▉        | 13/69 [00:03<00:08,  6.71it/s]
Please wait for a moment:  20%|██        | 14/69 [00:03<00:08,  6.53it/s]
Please wait for a moment:  22%|██▏       | 15/69 [00:03<00:07,  6.80it/s]
Please wait for a moment:  23%|██▎       | 16/69 [00:03<00:07,  6.98it/s]
Please wait for a moment:  25%|██▍       | 17/69 [00:04<00:13,  3.80it/s]
Please wait for a moment:  26%|██▌       | 18/69 [00:04<00:11,  4.33it/s]
Please wait for a moment:  28%|██▊       | 19/69 [00:05<00:20,  2.46it/s]
Please wait for a moment:  29%|██▉       | 20/69 [00:05<00:16,  3.02it/s]
Please wait for a moment:  30%|███       | 21/69 [00:05<00:13,  3.60it/s]
Please wait for a moment:  32%|███▏      | 22/69 [00:05<00:11,  4.14it/s]
Please wait for a moment:  33%|███▎      | 23/69 [00:06<00:17,  2.59it/s]
Please wait for a moment:  35%|███▍      | 24/69 [00:06<00:14,  3.16it/s]
Please wait for a moment:  36%|███▌      | 25/69 [00:06<00:11,  3.74it/s]
Please wait for a moment:  38%|███▊      | 26/69 [00:07<00:17,  2.48it/s]
Please wait for a moment:  39%|███▉      | 27/69 [00:07<00:13,  3.02it/s]
Please wait for a moment:  41%|████      | 28/69 [00:07<00:15,  2.57it/s]
Please wait for a moment:  42%|████▏     | 29/69 [00:08<00:12,  3.13it/s]
Please wait for a moment:  43%|████▎     | 30/69 [00:08<00:14,  2.62it/s]
Please wait for a moment:  45%|████▍     | 31/69 [00:09<00:21,  1.77it/s]
Please wait for a moment:  46%|████▋     | 32/69 [00:09<00:16,  2.26it/s]
Please wait for a moment:  48%|████▊     | 33/69 [00:10<00:15,  2.35it/s]
Please wait for a moment:  49%|████▉     | 34/69 [00:10<00:14,  2.40it/s]
Please wait for a moment:  51%|█████     | 35/69 [00:11<00:15,  2.18it/s]
Please wait for a moment:  52%|█████▏    | 36/69 [00:11<00:16,  2.00it/s]
Please wait for a moment:  54%|█████▎    | 37/69 [00:12<00:17,  1.82it/s]
Please wait for a moment:  55%|█████▌    | 38/69 [00:12<00:16,  1.92it/s]
Please wait for a moment:  57%|█████▋    | 39/69 [00:13<00:16,  1.86it/s]
Please wait for a moment:  58%|█████▊    | 40/69 [00:14<00:17,  1.63it/s]
Please wait for a moment:  59%|█████▉    | 41/69 [00:14<00:13,  2.10it/s]
Please wait for a moment:  61%|██████    | 42/69 [00:14<00:10,  2.67it/s]
Please wait for a moment:  62%|██████▏   | 43/69 [00:14<00:07,  3.29it/s]
Please wait for a moment:  64%|██████▍   | 44/69 [00:14<00:06,  3.93it/s]
Please wait for a moment:  65%|██████▌   | 45/69 [00:15<00:08,  2.81it/s]
Please wait for a moment:  67%|██████▋   | 46/69 [00:15<00:06,  3.41it/s]
Please wait for a moment:  68%|██████▊   | 47/69 [00:15<00:07,  2.87it/s]
Please wait for a moment:  70%|██████▉   | 48/69 [00:16<00:08,  2.50it/s]
Please wait for a moment:  71%|███████   | 49/69 [00:17<00:08,  2.30it/s]
Please wait for a moment:  72%|███████▏  | 50/69 [00:17<00:08,  2.12it/s]
Please wait for a moment:  74%|███████▍  | 51/69 [00:18<00:08,  2.11it/s]
Please wait for a moment:  75%|███████▌  | 52/69 [00:18<00:09,  1.82it/s]
Please wait for a moment:  77%|███████▋  | 53/69 [00:19<00:09,  1.63it/s]
Please wait for a moment:  78%|███████▊  | 54/69 [00:19<00:07,  2.12it/s]
Please wait for a moment:  80%|███████▉  | 55/69 [00:20<00:07,  1.94it/s]
Please wait for a moment:  81%|████████  | 56/69 [00:20<00:06,  1.88it/s]
Please wait for a moment:  83%|████████▎ | 57/69 [00:21<00:06,  1.88it/s]
Please wait for a moment:  84%|████████▍ | 58/69 [00:22<00:06,  1.70it/s]
Please wait for a moment:  86%|████████▌ | 59/69 [00:22<00:06,  1.66it/s]
Please wait for a moment:  87%|████████▋ | 60/69 [00:22<00:04,  2.18it/s]
Please wait for a moment:  88%|████████▊ | 61/69 [00:23<00:02,  2.75it/s]
Please wait for a moment:  90%|████████▉ | 62/69 [00:23<00:03,  2.16it/s]
Please wait for a moment:  91%|█████████▏| 63/69 [00:24<00:02,  2.37it/s]
Please wait for a moment:  93%|█████████▎| 64/69 [00:24<00:02,  2.16it/s]
Please wait for a moment:  94%|█████████▍| 65/69 [00:25<00:02,  1.98it/s]
Please wait for a moment:  96%|█████████▌| 66/69 [00:25<00:01,  2.53it/s]
Please wait for a moment:  97%|█████████▋| 67/69 [00:25<00:00,  2.19it/s]
Please wait for a moment:  99%|█████████▊| 68/69 [00:26<00:00,  2.08it/s]
Please wait for a moment: 100%|██████████| 69/69 [00:27<00:00,  1.89it/s]
                                                                         

===== generate_daily_report returncode=0 =====
$ /Users/bytedance/PycharmProjects/stock/.venv/bin/python scripts/generate_daily_report.py --config config.yaml
--- stdout ---
report_md=stockbot/reports/daily_report_2026-05-16.md
report_json=stockbot/reports/daily_report_2026-05-16.json

--- stderr ---
